<?xml version="1.0" encoding="UTF-8"?>
<!-- Generated by org.testng.reporters.JUnitReportReporter -->
<testsuite hostname="DESKTOP-Q1KL9M2" failures="0" tests="2" name="RahulShettyAcademy.SeleniumFrameworkDesign.ExtentReportsDemo" time="53.362" errors="0" timestamp="2025-01-18T11:55:10 IST" skipped="0">
  <testcase classname="RahulShettyAcademy.SeleniumFrameworkDesign.ExtentReportsDemo" name="Login" time="10.870"/>
  <testcase classname="RahulShettyAcademy.SeleniumFrameworkDesign.ExtentReportsDemo" name="InitiaDemo" time="42.492"/>
</testsuite> <!-- RahulShettyAcademy.SeleniumFrameworkDesign.ExtentReportsDemo -->
